{
  "stats": {
    "suites": 2,
    "tests": 4,
    "passes": 4,
    "pending": 0,
    "failures": 0,
    "testsRegistered": 4,
    "passPercent": 100,
    "pendingPercent": 0,
    "other": 0,
    "hasOther": false,
    "skipped": 0,
    "hasSkipped": false,
    "start": "2024-08-05T18:53:27.143Z",
    "end": "2024-08-05T18:53:34.373Z",
    "duration": 7230
  },
  "results": [
    {
      "uuid": "84fa1e7a-f082-46b6-b041-522a00c2544e",
      "title": "",
      "fullFile": "cypress\\e2e\\intercept.cy.js",
      "file": "cypress\\e2e\\intercept.cy.js",
      "beforeHooks": [],
      "afterHooks": [],
      "tests": [],
      "suites": [
        {
          "uuid": "65c8e538-8221-4cd8-bd71-263883157b61",
          "title": "Teste de Autenticação",
          "fullFile": "",
          "file": "",
          "beforeHooks": [],
          "afterHooks": [],
          "tests": [
            {
              "title": "Deve fazer o cadastro com sucesso",
              "fullTitle": "Teste de Autenticação Deve fazer o cadastro com sucesso",
              "timedOut": null,
              "duration": 5667,
              "state": "passed",
              "speed": "medium",
              "pass": true,
              "fail": false,
              "pending": false,
              "context": null,
              "code": "_home.homePage.openMenu('Account');\ncy.get('[data-testid=\"signUp\"] > .css-146c3p1').click();\n_cadastro.default.cadastro(firstname, lastname, phonenumber, email, password, repassword);",
              "err": {},
              "uuid": "e7409cf0-4f5e-4f6d-a6c0-6acee8500fd8",
              "parentUUID": "65c8e538-8221-4cd8-bd71-263883157b61",
              "isHook": false,
              "skipped": false
            },
            {
              "title": "Deve adicionar um produto ao carrinho",
              "fullTitle": "Teste de Autenticação Deve adicionar um produto ao carrinho",
              "timedOut": null,
              "duration": 1459,
              "state": "passed",
              "speed": "fast",
              "pass": true,
              "fail": false,
              "pending": false,
              "context": null,
              "code": "cy.intercept('GET', '**/public/getProducts?limit=10&skip=0', {\n  fixture: 'products.json'\n}).as('GetProducts');\n_produto.carrinhoPage.addProduct();",
              "err": {},
              "uuid": "214a2f7c-89cc-4f1c-b91d-80bc33f6f795",
              "parentUUID": "65c8e538-8221-4cd8-bd71-263883157b61",
              "isHook": false,
              "skipped": false
            }
          ],
          "suites": [],
          "passes": [
            "e7409cf0-4f5e-4f6d-a6c0-6acee8500fd8",
            "214a2f7c-89cc-4f1c-b91d-80bc33f6f795"
          ],
          "failures": [],
          "pending": [],
          "skipped": [],
          "duration": 7126,
          "root": false,
          "rootEmpty": false,
          "_timeout": 2000
        }
      ],
      "passes": [],
      "failures": [],
      "pending": [],
      "skipped": [],
      "duration": 0,
      "root": true,
      "rootEmpty": true,
      "_timeout": 2000
    },
    {
      "uuid": "84fa1e7a-f082-46b6-b041-522a00c2544e",
      "title": "",
      "fullFile": "cypress\\e2e\\intercept.cy.js",
      "file": "cypress\\e2e\\intercept.cy.js",
      "beforeHooks": [],
      "afterHooks": [],
      "tests": [],
      "suites": [
        {
          "uuid": "65c8e538-8221-4cd8-bd71-263883157b61",
          "title": "Teste de Autenticação",
          "fullFile": "",
          "file": "",
          "beforeHooks": [],
          "afterHooks": [],
          "tests": [
            {
              "title": "Deve fazer o cadastro com sucesso",
              "fullTitle": "Teste de Autenticação Deve fazer o cadastro com sucesso",
              "timedOut": null,
              "duration": 5667,
              "state": "passed",
              "speed": "medium",
              "pass": true,
              "fail": false,
              "pending": false,
              "context": null,
              "code": "_home.homePage.openMenu('Account');\ncy.get('[data-testid=\"signUp\"] > .css-146c3p1').click();\n_cadastro.default.cadastro(firstname, lastname, phonenumber, email, password, repassword);",
              "err": {},
              "uuid": "e7409cf0-4f5e-4f6d-a6c0-6acee8500fd8",
              "parentUUID": "65c8e538-8221-4cd8-bd71-263883157b61",
              "isHook": false,
              "skipped": false
            },
            {
              "title": "Deve adicionar um produto ao carrinho",
              "fullTitle": "Teste de Autenticação Deve adicionar um produto ao carrinho",
              "timedOut": null,
              "duration": 1459,
              "state": "passed",
              "speed": "fast",
              "pass": true,
              "fail": false,
              "pending": false,
              "context": null,
              "code": "cy.intercept('GET', '**/public/getProducts?limit=10&skip=0', {\n  fixture: 'products.json'\n}).as('GetProducts');\n_produto.carrinhoPage.addProduct();",
              "err": {},
              "uuid": "214a2f7c-89cc-4f1c-b91d-80bc33f6f795",
              "parentUUID": "65c8e538-8221-4cd8-bd71-263883157b61",
              "isHook": false,
              "skipped": false
            }
          ],
          "suites": [],
          "passes": [
            "e7409cf0-4f5e-4f6d-a6c0-6acee8500fd8",
            "214a2f7c-89cc-4f1c-b91d-80bc33f6f795"
          ],
          "failures": [],
          "pending": [],
          "skipped": [],
          "duration": 7126,
          "root": false,
          "rootEmpty": false,
          "_timeout": 2000
        }
      ],
      "passes": [],
      "failures": [],
      "pending": [],
      "skipped": [],
      "duration": 0,
      "root": true,
      "rootEmpty": true,
      "_timeout": 2000
    }
  ],
  "meta": {
    "mocha": {
      "version": "7.0.1"
    },
    "mochawesome": {
      "options": {
        "quiet": false,
        "reportFilename": "[name]-result",
        "saveHtml": false,
        "saveJson": true,
        "consoleReporter": "spec",
        "useInlineDiffs": false,
        "code": true
      },
      "version": "7.1.3"
    },
    "marge": {
      "options": {
        "reportFilename": "[name]-result",
        "html": false
      },
      "version": "6.2.0"
    }
  }
}